<?xml version="1.0" encoding="UTF-8"?>
<testsuite xmlns:xsi="http://www.w3.org/2001/XMLSchema-instance" xsi:noNamespaceSchemaLocation="https://maven.apache.org/surefire/maven-surefire-plugin/xsd/surefire-test-report-3.0.xsd" version="3.0" name="PacienteServiceTest" time="5.781" tests="3" errors="0" skipped="0" failures="0">
  <properties>
[...]
</properties>
  <testcase name="deberiaAgregarUnPaciente" classname="PacienteServiceTest" time="3.896">
    <system-out><![CDATA[[2023-05-25 22:18:00] [ INFO ] [DomicilioDaoH2:39] Se ha registrado el domicilio: Id: 5 - Calle: Calle - Numero: 13 - Localidad: Localidad - Provincia: Provincia
[2023-05-25 22:18:01] [ INFO ] [PacienteDaoH2:43] Se ha registrado el paciente: Id: 5 - Nombre: Nombre - Apellido: Apellido - DNI: 123456 - Fechas de ingreso: 2023-05-02 - Domicilio: Id: 5 - Calle: Calle - Numero: 13 - Localidad: Localidad - Provincia: Provincia
]]></system-out>
  </testcase>
  <testcase name="deberiaEliminarElPacienteConId3" classname="PacienteServiceTest" time="0.738">
    <system-out><![CDATA[[2023-05-25 22:18:01] [ INFO ] [PacienteDaoH2:112] Se ha eliminado el paciente con id: 3
[2023-05-25 22:18:01] [ INFO ] [PacienteDaoH2:150] Se ha encontrado el paciente con id 3: null
]]></system-out>
  </testcase>
  <testcase name="listarTodosLosPacientes" classname="PacienteServiceTest" time="0.308">
    <system-out><![CDATA[[2023-05-25 22:18:02] [ INFO ] [DomicilioDaoH2:149] Se ha encontrado el domicilio: Id: 1 - Calle: Av Siempre Viva - Numero: 742 - Localidad: Springfield - Provincia: Massachusetts
[2023-05-25 22:18:02] [ INFO ] [DomicilioDaoH2:149] Se ha encontrado el domicilio: Id: 2 - Calle: Calle Wallaby - Numero: 42 - Localidad: Sydney - Provincia: Nueva Gales del Sur
[2023-05-25 22:18:02] [ INFO ] [DomicilioDaoH2:149] Se ha encontrado el domicilio: Id: 4 - Calle: Calle - Numero: 13 - Localidad: Localidad - Provincia: Provincia
[2023-05-25 22:18:02] [ INFO ] [DomicilioDaoH2:149] Se ha encontrado el domicilio: Id: 5 - Calle: Calle - Numero: 13 - Localidad: Localidad - Provincia: Provincia
[2023-05-25 22:18:02] [ INFO ] [PacienteDaoH2:84] Listado de todos los pacientes: [Id: 1 - Nombre: Emiliano - Apellido: Cellilli - DNI: 35464856 - Fechas de ingreso: 2023-05-24 - Domicilio: Id: 1 - Calle: Av Siempre Viva - Numero: 742 - Localidad: Springfield - Provincia: Massachusetts, Id: 2 - Nombre: Pablo - Apellido: Clemente - DNI: 3548546 - Fechas de ingreso: 2023-05-24 - Domicilio: Id: 2 - Calle: Calle Wallaby - Numero: 42 - Localidad: Sydney - Provincia: Nueva Gales del Sur, Id: 4 - Nombre: Nombre - Apellido: Apellido - DNI: 123456 - Fechas de ingreso: 2023-05-02 - Domicilio: Id: 4 - Calle: Calle - Numero: 13 - Localidad: Localidad - Provincia: Provincia, Id: 5 - Nombre: Nombre - Apellido: Apellido - DNI: 123456 - Fechas de ingreso: 2023-05-02 - Domicilio: Id: 5 - Calle: Calle - Numero: 13 - Localidad: Localidad - Provincia: Provincia]
]]></system-out>
  </testcase>
</testsuite>